[Thu Jan 30 15:56:28.122796 2025] [so:warn] [pid 1:tid 1] AH01574: module rewrite_module is already loaded, skipping
AH00558: apache2: Could not reliably determine the server's fully qualified domain name, using 172.18.0.3. Set the 'ServerName' directive globally to suppress this message
[Thu Jan 30 15:56:28.159254 2025] [mpm_prefork:notice] [pid 1:tid 1] AH00163: Apache/2.4.62 (Debian) PHP/8.1.31 configured -- resuming normal operations
[Thu Jan 30 15:56:28.160455 2025] [core:notice] [pid 1:tid 1] AH00094: Command line: 'apache2 -D FOREGROUND'
[Thu Jan 30 15:58:44.646704 2025] [mpm_prefork:notice] [pid 1:tid 1] AH00170: caught SIGWINCH, shutting down gracefully
[Thu Jan 30 15:58:46.102269 2025] [so:warn] [pid 1:tid 1] AH01574: module rewrite_module is already loaded, skipping
AH00558: apache2: Could not reliably determine the server's fully qualified domain name, using 172.18.0.3. Set the 'ServerName' directive globally to suppress this message
[Thu Jan 30 15:58:46.123172 2025] [mpm_prefork:notice] [pid 1:tid 1] AH00163: Apache/2.4.62 (Debian) PHP/8.1.31 configured -- resuming normal operations
[Thu Jan 30 15:58:46.123631 2025] [core:notice] [pid 1:tid 1] AH00094: Command line: 'apache2 -D FOREGROUND'
[Thu Jan 30 15:59:29.210032 2025] [core:notice] [pid 1:tid 1] AH00052: child pid 33 exit signal Broken pipe (13)
[Thu Jan 30 15:59:29.211720 2025] [core:notice] [pid 1:tid 1] AH00052: child pid 49 exit signal Broken pipe (13)
[Thu Jan 30 16:04:47.356831 2025] [mpm_prefork:notice] [pid 1:tid 1] AH00170: caught SIGWINCH, shutting down gracefully
[Thu Jan 30 16:05:28.052179 2025] [so:warn] [pid 1:tid 1] AH01574: module rewrite_module is already loaded, skipping
AH00558: apache2: Could not reliably determine the server's fully qualified domain name, using 172.18.0.3. Set the 'ServerName' directive globally to suppress this message
[Thu Jan 30 16:05:28.086301 2025] [mpm_prefork:notice] [pid 1:tid 1] AH00163: Apache/2.4.62 (Debian) PHP/8.1.31 configured -- resuming normal operations
[Thu Jan 30 16:05:28.087467 2025] [core:notice] [pid 1:tid 1] AH00094: Command line: 'apache2 -D FOREGROUND'
[Thu Jan 30 16:05:55.424900 2025] [mpm_prefork:notice] [pid 1:tid 1] AH00170: caught SIGWINCH, shutting down gracefully
[Fri Jan 31 15:33:59.928498 2025] [so:warn] [pid 1:tid 1] AH01574: module rewrite_module is already loaded, skipping
AH00558: apache2: Could not reliably determine the server's fully qualified domain name, using 172.18.0.3. Set the 'ServerName' directive globally to suppress this message
[Fri Jan 31 15:33:59.994339 2025] [mpm_prefork:notice] [pid 1:tid 1] AH00163: Apache/2.4.62 (Debian) PHP/8.1.31 configured -- resuming normal operations
[Fri Jan 31 15:33:59.995324 2025] [core:notice] [pid 1:tid 1] AH00094: Command line: 'apache2 -D FOREGROUND'
[Fri Jan 31 15:45:49.980603 2025] [mpm_prefork:notice] [pid 1:tid 1] AH00170: caught SIGWINCH, shutting down gracefully
[Fri Jan 31 15:54:09.513756 2025] [so:warn] [pid 1:tid 1] AH01574: module rewrite_module is already loaded, skipping
AH00558: apache2: Could not reliably determine the server's fully qualified domain name, using 172.18.0.3. Set the 'ServerName' directive globally to suppress this message
[Fri Jan 31 15:54:09.549414 2025] [mpm_prefork:notice] [pid 1:tid 1] AH00163: Apache/2.4.62 (Debian) PHP/8.1.31 configured -- resuming normal operations
[Fri Jan 31 15:54:09.550455 2025] [core:notice] [pid 1:tid 1] AH00094: Command line: 'apache2 -D FOREGROUND'
[Fri Jan 31 15:55:24.161194 2025] [mpm_prefork:notice] [pid 1:tid 1] AH00170: caught SIGWINCH, shutting down gracefully
[Fri Jan 31 15:56:03.599865 2025] [so:warn] [pid 1:tid 1] AH01574: module rewrite_module is already loaded, skipping
AH00558: apache2: Could not reliably determine the server's fully qualified domain name, using 172.18.0.3. Set the 'ServerName' directive globally to suppress this message
[Fri Jan 31 15:56:03.628489 2025] [mpm_prefork:notice] [pid 1:tid 1] AH00163: Apache/2.4.62 (Debian) PHP/8.1.31 configured -- resuming normal operations
[Fri Jan 31 15:56:03.629427 2025] [core:notice] [pid 1:tid 1] AH00094: Command line: 'apache2 -D FOREGROUND'
[Fri Jan 31 15:58:39.551114 2025] [mpm_prefork:notice] [pid 1:tid 1] AH00170: caught SIGWINCH, shutting down gracefully
[Fri Jan 31 15:59:15.595487 2025] [so:warn] [pid 1:tid 1] AH01574: module rewrite_module is already loaded, skipping
AH00558: apache2: Could not reliably determine the server's fully qualified domain name, using 172.18.0.3. Set the 'ServerName' directive globally to suppress this message
[Fri Jan 31 15:59:15.625122 2025] [mpm_prefork:notice] [pid 1:tid 1] AH00163: Apache/2.4.62 (Debian) PHP/8.1.31 configured -- resuming normal operations
[Fri Jan 31 15:59:15.625895 2025] [core:notice] [pid 1:tid 1] AH00094: Command line: 'apache2 -D FOREGROUND'
[Fri Jan 31 16:00:23.204734 2025] [mpm_prefork:notice] [pid 1:tid 1] AH00170: caught SIGWINCH, shutting down gracefully
[Fri Jan 31 16:01:03.435784 2025] [so:warn] [pid 1:tid 1] AH01574: module rewrite_module is already loaded, skipping
AH00558: apache2: Could not reliably determine the server's fully qualified domain name, using 172.18.0.3. Set the 'ServerName' directive globally to suppress this message
[Fri Jan 31 16:01:03.473790 2025] [mpm_prefork:notice] [pid 1:tid 1] AH00163: Apache/2.4.62 (Debian) PHP/8.1.31 configured -- resuming normal operations
[Fri Jan 31 16:01:03.474639 2025] [core:notice] [pid 1:tid 1] AH00094: Command line: 'apache2 -D FOREGROUND'
[Fri Jan 31 16:02:21.933376 2025] [mpm_prefork:notice] [pid 1:tid 1] AH00170: caught SIGWINCH, shutting down gracefully
[Fri Jan 31 16:03:00.391188 2025] [so:warn] [pid 1:tid 1] AH01574: module rewrite_module is already loaded, skipping
AH00558: apache2: Could not reliably determine the server's fully qualified domain name, using 172.18.0.3. Set the 'ServerName' directive globally to suppress this message
[Fri Jan 31 16:03:00.422479 2025] [mpm_prefork:notice] [pid 1:tid 1] AH00163: Apache/2.4.62 (Debian) PHP/8.1.31 configured -- resuming normal operations
[Fri Jan 31 16:03:00.423671 2025] [core:notice] [pid 1:tid 1] AH00094: Command line: 'apache2 -D FOREGROUND'
[Fri Jan 31 16:04:37.369314 2025] [mpm_prefork:notice] [pid 1:tid 1] AH00170: caught SIGWINCH, shutting down gracefully
[Fri Jan 31 16:05:43.806629 2025] [so:warn] [pid 1:tid 1] AH01574: module rewrite_module is already loaded, skipping
AH00558: apache2: Could not reliably determine the server's fully qualified domain name, using 172.18.0.3. Set the 'ServerName' directive globally to suppress this message
[Fri Jan 31 16:05:43.842614 2025] [mpm_prefork:notice] [pid 1:tid 1] AH00163: Apache/2.4.62 (Debian) PHP/8.1.31 configured -- resuming normal operations
[Fri Jan 31 16:05:43.843535 2025] [core:notice] [pid 1:tid 1] AH00094: Command line: 'apache2 -D FOREGROUND'
[Fri Jan 31 16:07:29.353357 2025] [mpm_prefork:notice] [pid 1:tid 1] AH00170: caught SIGWINCH, shutting down gracefully
[Fri Jan 31 16:08:10.444196 2025] [so:warn] [pid 1:tid 1] AH01574: module rewrite_module is already loaded, skipping
AH00558: apache2: Could not reliably determine the server's fully qualified domain name, using 172.18.0.3. Set the 'ServerName' directive globally to suppress this message
[Fri Jan 31 16:08:10.480260 2025] [mpm_prefork:notice] [pid 1:tid 1] AH00163: Apache/2.4.62 (Debian) PHP/8.1.31 configured -- resuming normal operations
[Fri Jan 31 16:08:10.480929 2025] [core:notice] [pid 1:tid 1] AH00094: Command line: 'apache2 -D FOREGROUND'
[Fri Jan 31 16:08:24.025561 2025] [mpm_prefork:notice] [pid 1:tid 1] AH00170: caught SIGWINCH, shutting down gracefully
[Tue Feb 25 22:32:56.718438 2025] [so:warn] [pid 1:tid 1] AH01574: module rewrite_module is already loaded, skipping
AH00558: apache2: Could not reliably determine the server's fully qualified domain name, using 172.18.0.3. Set the 'ServerName' directive globally to suppress this message
[Tue Feb 25 22:32:56.788681 2025] [mpm_prefork:notice] [pid 1:tid 1] AH00163: Apache/2.4.62 (Debian) PHP/8.1.31 configured -- resuming normal operations
[Tue Feb 25 22:32:56.789288 2025] [core:notice] [pid 1:tid 1] AH00094: Command line: 'apache2 -D FOREGROUND'
[Tue Feb 25 22:35:06.074029 2025] [mpm_prefork:notice] [pid 1:tid 1] AH00170: caught SIGWINCH, shutting down gracefully
[Tue Feb 25 22:38:34.264675 2025] [so:warn] [pid 1:tid 1] AH01574: module rewrite_module is already loaded, skipping
AH00558: apache2: Could not reliably determine the server's fully qualified domain name, using 172.18.0.3. Set the 'ServerName' directive globally to suppress this message
[Tue Feb 25 22:38:34.297415 2025] [mpm_prefork:notice] [pid 1:tid 1] AH00163: Apache/2.4.62 (Debian) PHP/8.1.31 configured -- resuming normal operations
[Tue Feb 25 22:38:34.297928 2025] [core:notice] [pid 1:tid 1] AH00094: Command line: 'apache2 -D FOREGROUND'
[Tue Feb 25 22:41:02.729196 2025] [mpm_prefork:notice] [pid 1:tid 1] AH00170: caught SIGWINCH, shutting down gracefully
[Tue Feb 25 22:41:39.933773 2025] [so:warn] [pid 10:tid 10] AH01574: module rewrite_module is already loaded, skipping
AH00558: apache2: Could not reliably determine the server's fully qualified domain name, using 172.18.0.3. Set the 'ServerName' directive globally to suppress this message
[Tue Feb 25 22:41:39.960082 2025] [mpm_prefork:notice] [pid 10:tid 10] AH00163: Apache/2.4.62 (Debian) PHP/8.1.31 configured -- resuming normal operations
[Tue Feb 25 22:41:39.960692 2025] [core:notice] [pid 10:tid 10] AH00094: Command line: 'apache2 -D FOREGROUND'
[Wed Feb 26 09:04:00.951018 2025] [so:warn] [pid 10:tid 10] AH01574: module rewrite_module is already loaded, skipping
AH00558: apache2: Could not reliably determine the server's fully qualified domain name, using 172.18.0.3. Set the 'ServerName' directive globally to suppress this message
[Wed Feb 26 09:04:01.062512 2025] [mpm_prefork:notice] [pid 10:tid 10] AH00163: Apache/2.4.62 (Debian) PHP/8.1.31 configured -- resuming normal operations
[Wed Feb 26 09:04:01.064088 2025] [core:notice] [pid 10:tid 10] AH00094: Command line: 'apache2 -D FOREGROUND'
[Wed Feb 26 10:24:22.815007 2025] [so:warn] [pid 1:tid 1] AH01574: module rewrite_module is already loaded, skipping
AH00558: apache2: Could not reliably determine the server's fully qualified domain name, using 172.18.0.3. Set the 'ServerName' directive globally to suppress this message
[Wed Feb 26 10:24:22.862489 2025] [mpm_prefork:notice] [pid 1:tid 1] AH00163: Apache/2.4.62 (Debian) PHP/8.1.31 configured -- resuming normal operations
[Wed Feb 26 10:24:22.863614 2025] [core:notice] [pid 1:tid 1] AH00094: Command line: 'apache2 -D FOREGROUND'
[Wed Feb 26 10:30:41.573606 2025] [mpm_prefork:notice] [pid 1:tid 1] AH00170: caught SIGWINCH, shutting down gracefully
[Wed Feb 26 10:34:00.873197 2025] [so:warn] [pid 1:tid 1] AH01574: module rewrite_module is already loaded, skipping
AH00558: apache2: Could not reliably determine the server's fully qualified domain name, using 172.18.0.3. Set the 'ServerName' directive globally to suppress this message
[Wed Feb 26 10:34:00.909574 2025] [mpm_prefork:notice] [pid 1:tid 1] AH00163: Apache/2.4.62 (Debian) PHP/8.1.31 configured -- resuming normal operations
[Wed Feb 26 10:34:00.910664 2025] [core:notice] [pid 1:tid 1] AH00094: Command line: 'apache2 -D FOREGROUND'
[Wed Feb 26 10:38:29.874306 2025] [mpm_prefork:notice] [pid 1:tid 1] AH00170: caught SIGWINCH, shutting down gracefully
[Wed Feb 26 10:38:38.142445 2025] [so:warn] [pid 1:tid 1] AH01574: module rewrite_module is already loaded, skipping
AH00558: apache2: Could not reliably determine the server's fully qualified domain name, using 172.18.0.3. Set the 'ServerName' directive globally to suppress this message
[Wed Feb 26 10:38:38.167405 2025] [mpm_prefork:notice] [pid 1:tid 1] AH00163: Apache/2.4.62 (Debian) PHP/8.1.31 configured -- resuming normal operations
[Wed Feb 26 10:38:38.169377 2025] [core:notice] [pid 1:tid 1] AH00094: Command line: 'apache2 -D FOREGROUND'
[Wed Feb 26 10:40:39.051794 2025] [mpm_prefork:notice] [pid 1:tid 1] AH00170: caught SIGWINCH, shutting down gracefully
[Wed Feb 26 18:07:00.213107 2025] [so:warn] [pid 1:tid 1] AH01574: module rewrite_module is already loaded, skipping
AH00558: apache2: Could not reliably determine the server's fully qualified domain name, using 172.18.0.3. Set the 'ServerName' directive globally to suppress this message
[Wed Feb 26 18:07:00.320324 2025] [mpm_prefork:notice] [pid 1:tid 1] AH00163: Apache/2.4.62 (Debian) PHP/8.1.31 configured -- resuming normal operations
[Wed Feb 26 18:07:00.321538 2025] [core:notice] [pid 1:tid 1] AH00094: Command line: 'apache2 -D FOREGROUND'
[Wed Mar 05 15:26:09.376443 2025] [so:warn] [pid 1:tid 1] AH01574: module rewrite_module is already loaded, skipping
AH00558: apache2: Could not reliably determine the server's fully qualified domain name, using 172.18.0.3. Set the 'ServerName' directive globally to suppress this message
[Wed Mar 05 15:26:09.454893 2025] [mpm_prefork:notice] [pid 1:tid 1] AH00163: Apache/2.4.62 (Debian) PHP/8.1.31 configured -- resuming normal operations
[Wed Mar 05 15:26:09.456661 2025] [core:notice] [pid 1:tid 1] AH00094: Command line: 'apache2 -D FOREGROUND'
[Sat Mar 08 10:35:38.593120 2025] [so:warn] [pid 1:tid 1] AH01574: module rewrite_module is already loaded, skipping
AH00558: apache2: Could not reliably determine the server's fully qualified domain name, using 172.18.0.3. Set the 'ServerName' directive globally to suppress this message
[Sat Mar 08 10:35:38.668029 2025] [mpm_prefork:notice] [pid 1:tid 1] AH00163: Apache/2.4.62 (Debian) PHP/8.1.31 configured -- resuming normal operations
[Sat Mar 08 10:35:38.668714 2025] [core:notice] [pid 1:tid 1] AH00094: Command line: 'apache2 -D FOREGROUND'
[Sat Mar 08 10:52:46.917225 2025] [mpm_prefork:notice] [pid 1:tid 1] AH00170: caught SIGWINCH, shutting down gracefully
[Sat Mar 08 10:52:48.344552 2025] [so:warn] [pid 1:tid 1] AH01574: module rewrite_module is already loaded, skipping
AH00558: apache2: Could not reliably determine the server's fully qualified domain name, using 172.18.0.3. Set the 'ServerName' directive globally to suppress this message
[Sat Mar 08 10:52:48.368328 2025] [mpm_prefork:notice] [pid 1:tid 1] AH00163: Apache/2.4.62 (Debian) PHP/8.1.31 configured -- resuming normal operations
[Sat Mar 08 10:52:48.368638 2025] [core:notice] [pid 1:tid 1] AH00094: Command line: 'apache2 -D FOREGROUND'
[Sat Mar 08 10:53:36.733662 2025] [mpm_prefork:notice] [pid 1:tid 1] AH00170: caught SIGWINCH, shutting down gracefully
[Sat Mar 08 10:53:41.423991 2025] [so:warn] [pid 1:tid 1] AH01574: module rewrite_module is already loaded, skipping
AH00558: apache2: Could not reliably determine the server's fully qualified domain name, using 172.18.0.3. Set the 'ServerName' directive globally to suppress this message
[Sat Mar 08 10:53:41.470821 2025] [mpm_prefork:notice] [pid 1:tid 1] AH00163: Apache/2.4.62 (Debian) PHP/8.1.31 configured -- resuming normal operations
[Sat Mar 08 10:53:41.472316 2025] [core:notice] [pid 1:tid 1] AH00094: Command line: 'apache2 -D FOREGROUND'
[Sat Mar 08 11:03:50.004985 2025] [mpm_prefork:notice] [pid 1:tid 1] AH00170: caught SIGWINCH, shutting down gracefully
[Wed Mar 12 15:23:56.040952 2025] [so:warn] [pid 1:tid 1] AH01574: module rewrite_module is already loaded, skipping
AH00558: apache2: Could not reliably determine the server's fully qualified domain name, using 172.18.0.3. Set the 'ServerName' directive globally to suppress this message
[Wed Mar 12 15:23:56.125622 2025] [mpm_prefork:notice] [pid 1:tid 1] AH00163: Apache/2.4.62 (Debian) PHP/8.1.31 configured -- resuming normal operations
[Wed Mar 12 15:23:56.126714 2025] [core:notice] [pid 1:tid 1] AH00094: Command line: 'apache2 -D FOREGROUND'
[Wed Mar 12 16:13:59.854438 2025] [mpm_prefork:notice] [pid 1:tid 1] AH00170: caught SIGWINCH, shutting down gracefully
[Fri Mar 14 15:42:06.733742 2025] [so:warn] [pid 1:tid 1] AH01574: module rewrite_module is already loaded, skipping
AH00558: apache2: Could not reliably determine the server's fully qualified domain name, using 172.18.0.3. Set the 'ServerName' directive globally to suppress this message
[Fri Mar 14 15:42:06.804074 2025] [mpm_prefork:notice] [pid 1:tid 1] AH00163: Apache/2.4.62 (Debian) PHP/8.1.31 configured -- resuming normal operations
[Fri Mar 14 15:42:06.805606 2025] [core:notice] [pid 1:tid 1] AH00094: Command line: 'apache2 -D FOREGROUND'
[Fri Mar 14 16:15:33.399490 2025] [mpm_prefork:notice] [pid 1:tid 1] AH00170: caught SIGWINCH, shutting down gracefully
[Wed Mar 26 15:17:55.587654 2025] [so:warn] [pid 1:tid 1] AH01574: module rewrite_module is already loaded, skipping
AH00558: apache2: Could not reliably determine the server's fully qualified domain name, using 172.18.0.3. Set the 'ServerName' directive globally to suppress this message
[Wed Mar 26 15:17:55.660333 2025] [mpm_prefork:notice] [pid 1:tid 1] AH00163: Apache/2.4.62 (Debian) PHP/8.1.31 configured -- resuming normal operations
[Wed Mar 26 15:17:55.660969 2025] [core:notice] [pid 1:tid 1] AH00094: Command line: 'apache2 -D FOREGROUND'
[Wed Mar 26 16:04:53.017430 2025] [mpm_prefork:notice] [pid 1:tid 1] AH00170: caught SIGWINCH, shutting down gracefully
[Thu Mar 27 15:12:46.734680 2025] [so:warn] [pid 1:tid 1] AH01574: module rewrite_module is already loaded, skipping
AH00558: apache2: Could not reliably determine the server's fully qualified domain name, using 172.18.0.3. Set the 'ServerName' directive globally to suppress this message
[Thu Mar 27 15:12:46.804121 2025] [mpm_prefork:notice] [pid 1:tid 1] AH00163: Apache/2.4.62 (Debian) PHP/8.1.31 configured -- resuming normal operations
[Thu Mar 27 15:12:46.804859 2025] [core:notice] [pid 1:tid 1] AH00094: Command line: 'apache2 -D FOREGROUND'
[Thu Mar 27 15:43:59.684808 2025] [mpm_prefork:notice] [pid 1:tid 1] AH00170: caught SIGWINCH, shutting down gracefully
[Fri Apr 04 14:30:23.068251 2025] [so:warn] [pid 1:tid 1] AH01574: module rewrite_module is already loaded, skipping
AH00558: apache2: Could not reliably determine the server's fully qualified domain name, using 172.18.0.3. Set the 'ServerName' directive globally to suppress this message
[Fri Apr 04 14:30:23.136317 2025] [mpm_prefork:notice] [pid 1:tid 1] AH00163: Apache/2.4.62 (Debian) PHP/8.1.31 configured -- resuming normal operations
[Fri Apr 04 14:30:23.137049 2025] [core:notice] [pid 1:tid 1] AH00094: Command line: 'apache2 -D FOREGROUND'
[Mon Apr 14 14:20:29.751556 2025] [so:warn] [pid 1:tid 1] AH01574: module rewrite_module is already loaded, skipping
AH00558: apache2: Could not reliably determine the server's fully qualified domain name, using 172.18.0.3. Set the 'ServerName' directive globally to suppress this message
[Mon Apr 14 14:20:29.857553 2025] [mpm_prefork:notice] [pid 1:tid 1] AH00163: Apache/2.4.62 (Debian) PHP/8.1.31 configured -- resuming normal operations
[Mon Apr 14 14:20:29.858583 2025] [core:notice] [pid 1:tid 1] AH00094: Command line: 'apache2 -D FOREGROUND'
[Mon Apr 14 15:18:43.598327 2025] [core:notice] [pid 1:tid 1] AH00052: child pid 2309 exit signal Broken pipe (13)
[Mon Apr 14 15:24:42.750533 2025] [mpm_prefork:notice] [pid 1:tid 1] AH00170: caught SIGWINCH, shutting down gracefully
[Wed Apr 16 14:10:48.969745 2025] [so:warn] [pid 1:tid 1] AH01574: module rewrite_module is already loaded, skipping
AH00558: apache2: Could not reliably determine the server's fully qualified domain name, using 172.18.0.3. Set the 'ServerName' directive globally to suppress this message
[Wed Apr 16 14:10:49.041672 2025] [mpm_prefork:notice] [pid 1:tid 1] AH00163: Apache/2.4.62 (Debian) PHP/8.1.31 configured -- resuming normal operations
[Wed Apr 16 14:10:49.042329 2025] [core:notice] [pid 1:tid 1] AH00094: Command line: 'apache2 -D FOREGROUND'
[Wed Apr 23 14:36:14.929167 2025] [so:warn] [pid 1:tid 1] AH01574: module rewrite_module is already loaded, skipping
AH00558: apache2: Could not reliably determine the server's fully qualified domain name, using 172.18.0.3. Set the 'ServerName' directive globally to suppress this message
[Wed Apr 23 14:36:15.005373 2025] [mpm_prefork:notice] [pid 1:tid 1] AH00163: Apache/2.4.62 (Debian) PHP/8.1.31 configured -- resuming normal operations
[Wed Apr 23 14:36:15.006293 2025] [core:notice] [pid 1:tid 1] AH00094: Command line: 'apache2 -D FOREGROUND'
[Wed Apr 23 15:14:34.133008 2025] [mpm_prefork:notice] [pid 1:tid 1] AH00170: caught SIGWINCH, shutting down gracefully
[Fri Apr 25 14:36:47.543233 2025] [so:warn] [pid 1:tid 1] AH01574: module rewrite_module is already loaded, skipping
AH00558: apache2: Could not reliably determine the server's fully qualified domain name, using 172.18.0.3. Set the 'ServerName' directive globally to suppress this message
[Fri Apr 25 14:36:47.630188 2025] [mpm_prefork:notice] [pid 1:tid 1] AH00163: Apache/2.4.62 (Debian) PHP/8.1.31 configured -- resuming normal operations
[Fri Apr 25 14:36:47.631266 2025] [core:notice] [pid 1:tid 1] AH00094: Command line: 'apache2 -D FOREGROUND'
